<?xml version="1.0" encoding="UTF-8"?>
<testng-results ignored="0" total="2" passed="2" failed="0" skipped="0">
  <reporter-output>
  </reporter-output>
  <suite started-at="2023-11-20T12:59:44 IST" name="Default suite" finished-at="2023-11-20T12:59:57 IST" duration-ms="12167">
    <groups>
    </groups>
    <test started-at="2023-11-20T12:59:44 IST" name="Default test" finished-at="2023-11-20T12:59:57 IST" duration-ms="12167">
      <class name="pack.Trelloboard">
        <test-method signature="Createboard()[pri:1, instance:pack.Trelloboard@43dac38f]" started-at="2023-11-20T12:59:44 IST" name="Createboard" finished-at="2023-11-20T12:59:54 IST" duration-ms="9584" status="PASS">
          <reporter-output>
          </reporter-output>
        </test-method> <!-- Createboard -->
        <test-method signature="DeleteBoard()[pri:2, instance:pack.Trelloboard@43dac38f]" started-at="2023-11-20T12:59:54 IST" name="DeleteBoard" finished-at="2023-11-20T12:59:57 IST" duration-ms="2452" status="PASS">
          <reporter-output>
          </reporter-output>
        </test-method> <!-- DeleteBoard -->
      </class> <!-- pack.Trelloboard -->
    </test> <!-- Default test -->
  </suite> <!-- Default suite -->
</testng-results>
